<?xml version="1.0" encoding="UTF-8"?>
<testsuite name="com.example.cookingbookweb2.CookingBookWeb2ApplicationTests" tests="1" skipped="0" failures="0" errors="0" timestamp="2022-02-07T13:01:19" hostname="DESKTOP-9P57RAR" time="0.253">
  <properties/>
  <testcase name="contextLoads()" classname="com.example.cookingbookweb2.CookingBookWeb2ApplicationTests" time="0.253"/>
  <system-out><![CDATA[15:01:06.514 [Test worker] DEBUG org.springframework.test.context.BootstrapUtils - Instantiating CacheAwareContextLoaderDelegate from class [org.springframework.test.context.cache.DefaultCacheAwareContextLoaderDelegate]
15:01:06.551 [Test worker] DEBUG org.springframework.test.context.BootstrapUtils - Instantiating BootstrapContext using constructor [public org.springframework.test.context.support.DefaultBootstrapContext(java.lang.Class,org.springframework.test.context.CacheAwareContextLoaderDelegate)]
15:01:06.652 [Test worker] DEBUG org.springframework.test.context.BootstrapUtils - Instantiating TestContextBootstrapper for test class [com.example.cookingbookweb2.CookingBookWeb2ApplicationTests] from class [org.springframework.boot.test.context.SpringBootTestContextBootstrapper]
15:01:06.686 [Test worker] INFO org.springframework.boot.test.context.SpringBootTestContextBootstrapper - Neither @ContextConfiguration nor @ContextHierarchy found for test class [com.example.cookingbookweb2.CookingBookWeb2ApplicationTests], using SpringBootContextLoader
15:01:06.698 [Test worker] DEBUG org.springframework.test.context.support.AbstractContextLoader - Did not detect default resource location for test class [com.example.cookingbookweb2.CookingBookWeb2ApplicationTests]: class path resource [com/example/cookingbookweb2/CookingBookWeb2ApplicationTests-context.xml] does not exist
15:01:06.700 [Test worker] DEBUG org.springframework.test.context.support.AbstractContextLoader - Did not detect default resource location for test class [com.example.cookingbookweb2.CookingBookWeb2ApplicationTests]: class path resource [com/example/cookingbookweb2/CookingBookWeb2ApplicationTestsContext.groovy] does not exist
15:01:06.701 [Test worker] INFO org.springframework.test.context.support.AbstractContextLoader - Could not detect default resource locations for test class [com.example.cookingbookweb2.CookingBookWeb2ApplicationTests]: no resource found for suffixes {-context.xml, Context.groovy}.
15:01:06.703 [Test worker] INFO org.springframework.test.context.support.AnnotationConfigContextLoaderUtils - Could not detect default configuration classes for test class [com.example.cookingbookweb2.CookingBookWeb2ApplicationTests]: CookingBookWeb2ApplicationTests does not declare any static, non-private, non-final, nested classes annotated with @Configuration.
15:01:06.838 [Test worker] DEBUG org.springframework.test.context.support.ActiveProfilesUtils - Could not find an 'annotation declaring class' for annotation type [org.springframework.test.context.ActiveProfiles] and class [com.example.cookingbookweb2.CookingBookWeb2ApplicationTests]
15:01:06.994 [Test worker] DEBUG org.springframework.context.annotation.ClassPathScanningCandidateComponentProvider - Identified candidate component class: file [C:\Users\IgorRatkov\IdeaProjects\CookingBookWeb2\build\classes\java\main\com\example\cookingbookweb2\CookingBookWeb2Application.class]
15:01:06.998 [Test worker] INFO org.springframework.boot.test.context.SpringBootTestContextBootstrapper - Found @SpringBootConfiguration com.example.cookingbookweb2.CookingBookWeb2Application for test class com.example.cookingbookweb2.CookingBookWeb2ApplicationTests
15:01:07.317 [Test worker] DEBUG org.springframework.boot.test.context.SpringBootTestContextBootstrapper - @TestExecutionListeners is not present for class [com.example.cookingbookweb2.CookingBookWeb2ApplicationTests]: using defaults.
15:01:07.319 [Test worker] INFO org.springframework.boot.test.context.SpringBootTestContextBootstrapper - Loaded default TestExecutionListener class names from location [META-INF/spring.factories]: [org.springframework.boot.test.autoconfigure.restdocs.RestDocsTestExecutionListener, org.springframework.boot.test.autoconfigure.web.client.MockRestServiceServerResetTestExecutionListener, org.springframework.boot.test.autoconfigure.web.servlet.MockMvcPrintOnlyOnFailureTestExecutionListener, org.springframework.boot.test.autoconfigure.web.servlet.WebDriverTestExecutionListener, org.springframework.boot.test.autoconfigure.webservices.client.MockWebServiceServerTestExecutionListener, org.springframework.boot.test.mock.mockito.MockitoTestExecutionListener, org.springframework.boot.test.mock.mockito.ResetMocksTestExecutionListener, org.springframework.test.context.web.ServletTestExecutionListener, org.springframework.test.context.support.DirtiesContextBeforeModesTestExecutionListener, org.springframework.test.context.event.ApplicationEventsTestExecutionListener, org.springframework.test.context.support.DependencyInjectionTestExecutionListener, org.springframework.test.context.support.DirtiesContextTestExecutionListener, org.springframework.test.context.transaction.TransactionalTestExecutionListener, org.springframework.test.context.jdbc.SqlScriptsTestExecutionListener, org.springframework.test.context.event.EventPublishingTestExecutionListener]
15:01:07.381 [Test worker] INFO org.springframework.boot.test.context.SpringBootTestContextBootstrapper - Using TestExecutionListeners: [org.springframework.test.context.web.ServletTestExecutionListener@f6c03cb, org.springframework.test.context.support.DirtiesContextBeforeModesTestExecutionListener@46f699d5, org.springframework.test.context.event.ApplicationEventsTestExecutionListener@18518ccf, org.springframework.boot.test.mock.mockito.MockitoTestExecutionListener@1991f767, org.springframework.boot.test.autoconfigure.SpringBootDependencyInjectionTestExecutionListener@768ccdc5, org.springframework.test.context.support.DirtiesContextTestExecutionListener@4c6daf0, org.springframework.test.context.transaction.TransactionalTestExecutionListener@10650953, org.springframework.test.context.jdbc.SqlScriptsTestExecutionListener@659eef7, org.springframework.test.context.event.EventPublishingTestExecutionListener@162be91c, org.springframework.boot.test.autoconfigure.restdocs.RestDocsTestExecutionListener@2488b073, org.springframework.boot.test.autoconfigure.web.client.MockRestServiceServerResetTestExecutionListener@1c9f0a20, org.springframework.boot.test.autoconfigure.web.servlet.MockMvcPrintOnlyOnFailureTestExecutionListener@55787112, org.springframework.boot.test.autoconfigure.web.servlet.WebDriverTestExecutionListener@1cd201a8, org.springframework.boot.test.autoconfigure.webservices.client.MockWebServiceServerTestExecutionListener@7db82169, org.springframework.boot.test.mock.mockito.ResetMocksTestExecutionListener@1992eaf4]
15:01:07.395 [Test worker] DEBUG org.springframework.test.context.support.AbstractDirtiesContextTestExecutionListener - Before test class: context [DefaultTestContext@107ed6fc testClass = CookingBookWeb2ApplicationTests, testInstance = [null], testMethod = [null], testException = [null], mergedContextConfiguration = [WebMergedContextConfiguration@1643d68f testClass = CookingBookWeb2ApplicationTests, locations = '{}', classes = '{class com.example.cookingbookweb2.CookingBookWeb2Application}', contextInitializerClasses = '[]', activeProfiles = '{}', propertySourceLocations = '{}', propertySourceProperties = '{org.springframework.boot.test.context.SpringBootTestContextBootstrapper=true}', contextCustomizers = set[org.springframework.boot.test.autoconfigure.actuate.metrics.MetricsExportContextCustomizerFactory$DisableMetricExportContextCustomizer@5812f68b, org.springframework.boot.test.autoconfigure.properties.PropertyMappingContextCustomizer@0, org.springframework.boot.test.autoconfigure.web.servlet.WebDriverContextCustomizerFactory$Customizer@31dadd46, org.springframework.boot.test.context.filter.ExcludeFilterContextCustomizer@1f010bf0, org.springframework.boot.test.json.DuplicateJsonObjectContextCustomizerFactory$DuplicateJsonObjectContextCustomizer@1921ad94, org.springframework.boot.test.mock.mockito.MockitoContextCustomizer@0, org.springframework.boot.test.web.client.TestRestTemplateContextCustomizer@4b6e2263, org.springframework.boot.test.context.SpringBootTestArgs@1, org.springframework.boot.test.context.SpringBootTestWebEnvironment@6631f5ca], resourceBasePath = 'src/main/webapp', contextLoader = 'org.springframework.boot.test.context.SpringBootContextLoader', parent = [null]], attributes = map['org.springframework.test.context.web.ServletTestExecutionListener.activateListener' -> true]], class annotated with @DirtiesContext [false] with mode [null].

  .   ____          _            __ _ _
 /\\ / ___'_ __ _ _(_)_ __  __ _ \ \ \ \
( ( )\___ | '_ | '_| | '_ \/ _` | \ \ \ \
 \\/  ___)| |_)| | | | | || (_| |  ) ) ) )
  '  |____| .__|_| |_|_| |_\__, | / / / /
 =========|_|==============|___/=/_/_/_/
 :: Spring Boot ::                (v2.6.3)

2022-02-07 15:01:08.321  INFO 18140 --- [    Test worker] c.e.c.CookingBookWeb2ApplicationTests    : Starting CookingBookWeb2ApplicationTests using Java 17.0.1 on DESKTOP-9P57RAR with PID 18140 (started by IgorRatkov in C:\Users\IgorRatkov\IdeaProjects\CookingBookWeb2)
2022-02-07 15:01:08.323  INFO 18140 --- [    Test worker] c.e.c.CookingBookWeb2ApplicationTests    : No active profile set, falling back to default profiles: default
2022-02-07 15:01:10.241  INFO 18140 --- [    Test worker] .s.d.r.c.RepositoryConfigurationDelegate : Bootstrapping Spring Data JPA repositories in DEFAULT mode.
2022-02-07 15:01:10.401  INFO 18140 --- [    Test worker] .s.d.r.c.RepositoryConfigurationDelegate : Finished Spring Data repository scanning in 133 ms. Found 2 JPA repository interfaces.
2022-02-07 15:01:12.042  INFO 18140 --- [    Test worker] o.hibernate.jpa.internal.util.LogHelper  : HHH000204: Processing PersistenceUnitInfo [name: default]
2022-02-07 15:01:12.200  INFO 18140 --- [    Test worker] org.hibernate.Version                    : HHH000412: Hibernate ORM core version 5.6.4.Final
2022-02-07 15:01:12.724  INFO 18140 --- [    Test worker] o.hibernate.annotations.common.Version   : HCANN000001: Hibernate Commons Annotations {5.1.2.Final}
2022-02-07 15:01:13.009  INFO 18140 --- [    Test worker] com.zaxxer.hikari.HikariDataSource       : HikariPool-1 - Starting...
2022-02-07 15:01:13.534  INFO 18140 --- [    Test worker] com.zaxxer.hikari.HikariDataSource       : HikariPool-1 - Start completed.
2022-02-07 15:01:13.631  INFO 18140 --- [    Test worker] org.hibernate.dialect.Dialect            : HHH000400: Using dialect: org.hibernate.dialect.H2Dialect
2022-02-07 15:01:15.697  INFO 18140 --- [    Test worker] o.h.e.t.j.p.i.JtaPlatformInitiator       : HHH000490: Using JtaPlatform implementation: [org.hibernate.engine.transaction.jta.platform.internal.NoJtaPlatform]
2022-02-07 15:01:15.725  INFO 18140 --- [    Test worker] j.LocalContainerEntityManagerFactoryBean : Initialized JPA EntityManagerFactory for persistence unit 'default'
2022-02-07 15:01:16.933  WARN 18140 --- [    Test worker] JpaBaseConfiguration$JpaWebConfiguration : spring.jpa.open-in-view is enabled by default. Therefore, database queries may be performed during view rendering. Explicitly configure spring.jpa.open-in-view to disable this warning
2022-02-07 15:01:17.608  INFO 18140 --- [    Test worker] o.s.b.a.h2.H2ConsoleAutoConfiguration    : H2 console available at '/h2'. Database available at 'jdbc:h2:file:~/WebDataBase'
2022-02-07 15:01:18.468  INFO 18140 --- [    Test worker] o.s.s.web.DefaultSecurityFilterChain     : Will secure any request with [org.springframework.security.web.context.request.async.WebAsyncManagerIntegrationFilter@47400608, org.springframework.security.web.context.SecurityContextPersistenceFilter@68a97fc1, org.springframework.security.web.header.HeaderWriterFilter@71806c64, org.springframework.security.web.authentication.logout.LogoutFilter@5d957cf0, org.springframework.security.web.authentication.www.BasicAuthenticationFilter@143900a6, org.springframework.security.web.savedrequest.RequestCacheAwareFilter@4687c184, org.springframework.security.web.servletapi.SecurityContextHolderAwareRequestFilter@71e89a26, org.springframework.security.web.authentication.AnonymousAuthenticationFilter@374bf34b, org.springframework.security.web.session.SessionManagementFilter@6b6939e1, org.springframework.security.web.access.ExceptionTranslationFilter@7eb94590, org.springframework.security.web.access.intercept.FilterSecurityInterceptor@78805df3]
2022-02-07 15:01:19.449  INFO 18140 --- [    Test worker] c.e.c.CookingBookWeb2ApplicationTests    : Started CookingBookWeb2ApplicationTests in 11.913 seconds (JVM running for 15.417)
]]></system-out>
  <system-err><![CDATA[]]></system-err>
</testsuite>
